2024-05-28-05:39:26 DEBUG Using Log4J2 as the default logging framework
2024-05-28-05:39:26 DEBUG -Dio.netty.leakDetection.level: simple
2024-05-28-05:39:26 DEBUG -Dio.netty.leakDetection.targetRecords: 4
2024-05-28-05:39:26 DEBUG Loaded default ResourceLeakDetector: io.netty.util.ResourceLeakDetector@46963479
2024-05-28-05:39:27 DEBUG -Dio.netty.noUnsafe: false
2024-05-28-05:39:27 DEBUG Java version: 21
2024-05-28-05:39:27 DEBUG sun.misc.Unsafe.theUnsafe: available
2024-05-28-05:39:27 DEBUG sun.misc.Unsafe.copyMemory: available
2024-05-28-05:39:27 DEBUG sun.misc.Unsafe.storeFence: available
2024-05-28-05:39:27 DEBUG java.nio.Buffer.address: available
2024-05-28-05:39:27 DEBUG direct buffer constructor: unavailable
java.lang.NoSuchMethodException: java.nio.DirectByteBuffer.<init>(long,int)
	at java.lang.Class.getConstructor0(Class.java:3761) ~[?:?]
	at java.lang.Class.getDeclaredConstructor(Class.java:2930) ~[?:?]
	at io.netty.util.internal.PlatformDependent0$5.run(PlatformDependent0.java:287) ~[netty-common-4.1.87.Final.jar:4.1.87.Final]
	at java.security.AccessController.doPrivileged(AccessController.java:319) ~[?:?]
	at io.netty.util.internal.PlatformDependent0.<clinit>(PlatformDependent0.java:282) ~[netty-common-4.1.87.Final.jar:4.1.87.Final]
	at io.netty.util.internal.PlatformDependent.isAndroid(PlatformDependent.java:333) ~[netty-common-4.1.87.Final.jar:4.1.87.Final]
	at io.netty.util.internal.PlatformDependent.<clinit>(PlatformDependent.java:88) ~[netty-common-4.1.87.Final.jar:4.1.87.Final]
	at io.netty.util.HashedWheelTimer.<init>(HashedWheelTimer.java:114) ~[netty-common-4.1.87.Final.jar:4.1.87.Final]
	at io.netty.util.HashedWheelTimer.<init>(HashedWheelTimer.java:251) ~[netty-common-4.1.87.Final.jar:4.1.87.Final]
	at io.netty.util.HashedWheelTimer.<init>(HashedWheelTimer.java:224) ~[netty-common-4.1.87.Final.jar:4.1.87.Final]
	at io.netty.util.HashedWheelTimer.<init>(HashedWheelTimer.java:203) ~[netty-common-4.1.87.Final.jar:4.1.87.Final]
	at org.asynchttpclient.DefaultAsyncHttpClient.newNettyTimer(DefaultAsyncHttpClient.java:111) ~[async-http-client-2.12.3.jar:?]
	at org.asynchttpclient.DefaultAsyncHttpClient.<init>(DefaultAsyncHttpClient.java:90) ~[async-http-client-2.12.3.jar:?]
	at org.asynchttpclient.Dsl.asyncHttpClient(Dsl.java:32) ~[async-http-client-2.12.3.jar:?]
	at org.openqa.selenium.remote.http.netty.NettyClient.createHttpClient(NettyClient.java:94) ~[selenium-remote-driver-4.8.1.jar:?]
	at org.openqa.selenium.remote.http.netty.NettyClient.<clinit>(NettyClient.java:47) ~[selenium-remote-driver-4.8.1.jar:?]
	at org.openqa.selenium.remote.http.netty.NettyClient$Factory.createClient(NettyClient.java:135) ~[selenium-remote-driver-4.8.1.jar:?]
	at org.openqa.selenium.remote.HttpCommandExecutor.<init>(HttpCommandExecutor.java:107) ~[selenium-remote-driver-4.8.1.jar:?]
	at org.openqa.selenium.remote.HttpCommandExecutor.<init>(HttpCommandExecutor.java:94) ~[selenium-remote-driver-4.8.1.jar:?]
	at org.openqa.selenium.remote.HttpCommandExecutor.<init>(HttpCommandExecutor.java:85) ~[selenium-remote-driver-4.8.1.jar:?]
	at org.openqa.selenium.remote.service.DriverCommandExecutor.<init>(DriverCommandExecutor.java:80) ~[selenium-remote-driver-4.8.1.jar:?]
	at org.openqa.selenium.chromium.ChromiumDriverCommandExecutor.<init>(ChromiumDriverCommandExecutor.java:35) ~[selenium-chromium-driver-4.8.1.jar:?]
	at org.openqa.selenium.chrome.ChromeDriver$ChromeDriverCommandExecutor.<init>(ChromeDriver.java:94) ~[selenium-chrome-driver-4.8.1.jar:?]
	at org.openqa.selenium.chrome.ChromeDriver.<init>(ChromeDriver.java:82) ~[selenium-chrome-driver-4.8.1.jar:?]
	at org.openqa.selenium.chrome.ChromeDriver.<init>(ChromeDriver.java:71) ~[selenium-chrome-driver-4.8.1.jar:?]
	at tests.BaseTest.getBrowserDriver(BaseTest.java:64) ~[classes/:?]
	at tests.BaseTest.setDriver(BaseTest.java:43) ~[classes/:?]
	at tests.CreateAccountTest.preConditions(CreateAccountTest.java:23) ~[classes/:?]
	at jdk.internal.reflect.DirectMethodHandleAccessor.invoke(DirectMethodHandleAccessor.java:103) ~[?:?]
	at java.lang.reflect.Method.invoke(Method.java:580) ~[?:?]
	at org.testng.internal.invokers.MethodInvocationHelper.invokeMethod(MethodInvocationHelper.java:139) ~[testng-7.9.0.jar:7.9.0]
	at org.testng.internal.invokers.MethodInvocationHelper.invokeMethodConsideringTimeout(MethodInvocationHelper.java:69) ~[testng-7.9.0.jar:7.9.0]
	at org.testng.internal.invokers.ConfigInvoker.invokeConfigurationMethod(ConfigInvoker.java:393) ~[testng-7.9.0.jar:7.9.0]
	at org.testng.internal.invokers.ConfigInvoker.invokeConfigurations(ConfigInvoker.java:326) ~[testng-7.9.0.jar:7.9.0]
	at org.testng.internal.invokers.TestInvoker.runConfigMethods(TestInvoker.java:810) ~[testng-7.9.0.jar:7.9.0]
	at org.testng.internal.invokers.TestInvoker.invokeMethod(TestInvoker.java:578) ~[testng-7.9.0.jar:7.9.0]
	at org.testng.internal.invokers.TestInvoker.invokeTestMethod(TestInvoker.java:228) ~[testng-7.9.0.jar:7.9.0]
	at org.testng.internal.invokers.MethodRunner.runInSequence(MethodRunner.java:63) ~[testng-7.9.0.jar:7.9.0]
	at org.testng.internal.invokers.TestInvoker$MethodInvocationAgent.invoke(TestInvoker.java:961) ~[testng-7.9.0.jar:7.9.0]
	at org.testng.internal.invokers.TestInvoker.invokeTestMethods(TestInvoker.java:201) ~[testng-7.9.0.jar:7.9.0]
	at org.testng.internal.invokers.TestMethodWorker.invokeTestMethods(TestMethodWorker.java:148) ~[testng-7.9.0.jar:7.9.0]
	at org.testng.internal.invokers.TestMethodWorker.run(TestMethodWorker.java:128) ~[testng-7.9.0.jar:7.9.0]
	at java.util.ArrayList.forEach(ArrayList.java:1596) ~[?:?]
	at org.testng.TestRunner.privateRun(TestRunner.java:819) ~[testng-7.9.0.jar:7.9.0]
	at org.testng.TestRunner.run(TestRunner.java:619) ~[testng-7.9.0.jar:7.9.0]
	at org.testng.SuiteRunner.runTest(SuiteRunner.java:443) ~[testng-7.9.0.jar:7.9.0]
	at org.testng.SuiteRunner.runSequentially(SuiteRunner.java:437) ~[testng-7.9.0.jar:7.9.0]
	at org.testng.SuiteRunner.privateRun(SuiteRunner.java:397) ~[testng-7.9.0.jar:7.9.0]
	at org.testng.SuiteRunner.run(SuiteRunner.java:336) ~[testng-7.9.0.jar:7.9.0]
	at org.testng.SuiteRunnerWorker.runSuite(SuiteRunnerWorker.java:52) ~[testng-7.9.0.jar:7.9.0]
	at org.testng.SuiteRunnerWorker.run(SuiteRunnerWorker.java:95) ~[testng-7.9.0.jar:7.9.0]
	at org.testng.TestNG.runSuitesSequentially(TestNG.java:1301) ~[testng-7.9.0.jar:7.9.0]
	at org.testng.TestNG.runSuitesLocally(TestNG.java:1228) ~[testng-7.9.0.jar:7.9.0]
	at org.testng.TestNG.runSuites(TestNG.java:1134) ~[testng-7.9.0.jar:7.9.0]
	at org.testng.TestNG.run(TestNG.java:1101) ~[testng-7.9.0.jar:7.9.0]
	at org.testng.remote.AbstractRemoteTestNG.run(AbstractRemoteTestNG.java:115) ~[testng-remote.jar:?]
	at org.testng.remote.RemoteTestNG.initAndRun(RemoteTestNG.java:251) ~[testng-remote.jar:?]
	at org.testng.remote.RemoteTestNG.main(RemoteTestNG.java:77) ~[testng-remote.jar:?]
2024-05-28-05:39:27 DEBUG java.nio.Bits.unaligned: available, true
2024-05-28-05:39:27 DEBUG jdk.internal.misc.Unsafe.allocateUninitializedArray(int): unavailable
java.lang.IllegalAccessException: class io.netty.util.internal.PlatformDependent0$7 cannot access class jdk.internal.misc.Unsafe (in module java.base) because module java.base does not export jdk.internal.misc to unnamed module @4b11802b
	at jdk.internal.reflect.Reflection.newIllegalAccessException(Reflection.java:394) ~[?:?]
	at java.lang.reflect.AccessibleObject.checkAccess(AccessibleObject.java:714) ~[?:?]
	at java.lang.reflect.Method.invoke(Method.java:571) ~[?:?]
	at io.netty.util.internal.PlatformDependent0$7.run(PlatformDependent0.java:410) ~[netty-common-4.1.87.Final.jar:4.1.87.Final]
	at java.security.AccessController.doPrivileged(AccessController.java:319) ~[?:?]
	at io.netty.util.internal.PlatformDependent0.<clinit>(PlatformDependent0.java:401) ~[netty-common-4.1.87.Final.jar:4.1.87.Final]
	at io.netty.util.internal.PlatformDependent.isAndroid(PlatformDependent.java:333) ~[netty-common-4.1.87.Final.jar:4.1.87.Final]
	at io.netty.util.internal.PlatformDependent.<clinit>(PlatformDependent.java:88) ~[netty-common-4.1.87.Final.jar:4.1.87.Final]
	at io.netty.util.HashedWheelTimer.<init>(HashedWheelTimer.java:114) ~[netty-common-4.1.87.Final.jar:4.1.87.Final]
	at io.netty.util.HashedWheelTimer.<init>(HashedWheelTimer.java:251) ~[netty-common-4.1.87.Final.jar:4.1.87.Final]
	at io.netty.util.HashedWheelTimer.<init>(HashedWheelTimer.java:224) ~[netty-common-4.1.87.Final.jar:4.1.87.Final]
	at io.netty.util.HashedWheelTimer.<init>(HashedWheelTimer.java:203) ~[netty-common-4.1.87.Final.jar:4.1.87.Final]
	at org.asynchttpclient.DefaultAsyncHttpClient.newNettyTimer(DefaultAsyncHttpClient.java:111) ~[async-http-client-2.12.3.jar:?]
	at org.asynchttpclient.DefaultAsyncHttpClient.<init>(DefaultAsyncHttpClient.java:90) ~[async-http-client-2.12.3.jar:?]
	at org.asynchttpclient.Dsl.asyncHttpClient(Dsl.java:32) ~[async-http-client-2.12.3.jar:?]
	at org.openqa.selenium.remote.http.netty.NettyClient.createHttpClient(NettyClient.java:94) ~[selenium-remote-driver-4.8.1.jar:?]
	at org.openqa.selenium.remote.http.netty.NettyClient.<clinit>(NettyClient.java:47) ~[selenium-remote-driver-4.8.1.jar:?]
	at org.openqa.selenium.remote.http.netty.NettyClient$Factory.createClient(NettyClient.java:135) ~[selenium-remote-driver-4.8.1.jar:?]
	at org.openqa.selenium.remote.HttpCommandExecutor.<init>(HttpCommandExecutor.java:107) ~[selenium-remote-driver-4.8.1.jar:?]
	at org.openqa.selenium.remote.HttpCommandExecutor.<init>(HttpCommandExecutor.java:94) ~[selenium-remote-driver-4.8.1.jar:?]
	at org.openqa.selenium.remote.HttpCommandExecutor.<init>(HttpCommandExecutor.java:85) ~[selenium-remote-driver-4.8.1.jar:?]
	at org.openqa.selenium.remote.service.DriverCommandExecutor.<init>(DriverCommandExecutor.java:80) ~[selenium-remote-driver-4.8.1.jar:?]
	at org.openqa.selenium.chromium.ChromiumDriverCommandExecutor.<init>(ChromiumDriverCommandExecutor.java:35) ~[selenium-chromium-driver-4.8.1.jar:?]
	at org.openqa.selenium.chrome.ChromeDriver$ChromeDriverCommandExecutor.<init>(ChromeDriver.java:94) ~[selenium-chrome-driver-4.8.1.jar:?]
	at org.openqa.selenium.chrome.ChromeDriver.<init>(ChromeDriver.java:82) ~[selenium-chrome-driver-4.8.1.jar:?]
	at org.openqa.selenium.chrome.ChromeDriver.<init>(ChromeDriver.java:71) ~[selenium-chrome-driver-4.8.1.jar:?]
	at tests.BaseTest.getBrowserDriver(BaseTest.java:64) ~[classes/:?]
	at tests.BaseTest.setDriver(BaseTest.java:43) ~[classes/:?]
	at tests.CreateAccountTest.preConditions(CreateAccountTest.java:23) ~[classes/:?]
	at jdk.internal.reflect.DirectMethodHandleAccessor.invoke(DirectMethodHandleAccessor.java:103) ~[?:?]
	at java.lang.reflect.Method.invoke(Method.java:580) ~[?:?]
	at org.testng.internal.invokers.MethodInvocationHelper.invokeMethod(MethodInvocationHelper.java:139) ~[testng-7.9.0.jar:7.9.0]
	at org.testng.internal.invokers.MethodInvocationHelper.invokeMethodConsideringTimeout(MethodInvocationHelper.java:69) ~[testng-7.9.0.jar:7.9.0]
	at org.testng.internal.invokers.ConfigInvoker.invokeConfigurationMethod(ConfigInvoker.java:393) ~[testng-7.9.0.jar:7.9.0]
	at org.testng.internal.invokers.ConfigInvoker.invokeConfigurations(ConfigInvoker.java:326) ~[testng-7.9.0.jar:7.9.0]
	at org.testng.internal.invokers.TestInvoker.runConfigMethods(TestInvoker.java:810) ~[testng-7.9.0.jar:7.9.0]
	at org.testng.internal.invokers.TestInvoker.invokeMethod(TestInvoker.java:578) ~[testng-7.9.0.jar:7.9.0]
	at org.testng.internal.invokers.TestInvoker.invokeTestMethod(TestInvoker.java:228) ~[testng-7.9.0.jar:7.9.0]
	at org.testng.internal.invokers.MethodRunner.runInSequence(MethodRunner.java:63) ~[testng-7.9.0.jar:7.9.0]
	at org.testng.internal.invokers.TestInvoker$MethodInvocationAgent.invoke(TestInvoker.java:961) ~[testng-7.9.0.jar:7.9.0]
	at org.testng.internal.invokers.TestInvoker.invokeTestMethods(TestInvoker.java:201) ~[testng-7.9.0.jar:7.9.0]
	at org.testng.internal.invokers.TestMethodWorker.invokeTestMethods(TestMethodWorker.java:148) ~[testng-7.9.0.jar:7.9.0]
	at org.testng.internal.invokers.TestMethodWorker.run(TestMethodWorker.java:128) ~[testng-7.9.0.jar:7.9.0]
	at java.util.ArrayList.forEach(ArrayList.java:1596) ~[?:?]
	at org.testng.TestRunner.privateRun(TestRunner.java:819) ~[testng-7.9.0.jar:7.9.0]
	at org.testng.TestRunner.run(TestRunner.java:619) ~[testng-7.9.0.jar:7.9.0]
	at org.testng.SuiteRunner.runTest(SuiteRunner.java:443) ~[testng-7.9.0.jar:7.9.0]
	at org.testng.SuiteRunner.runSequentially(SuiteRunner.java:437) ~[testng-7.9.0.jar:7.9.0]
	at org.testng.SuiteRunner.privateRun(SuiteRunner.java:397) ~[testng-7.9.0.jar:7.9.0]
	at org.testng.SuiteRunner.run(SuiteRunner.java:336) ~[testng-7.9.0.jar:7.9.0]
	at org.testng.SuiteRunnerWorker.runSuite(SuiteRunnerWorker.java:52) ~[testng-7.9.0.jar:7.9.0]
	at org.testng.SuiteRunnerWorker.run(SuiteRunnerWorker.java:95) ~[testng-7.9.0.jar:7.9.0]
	at org.testng.TestNG.runSuitesSequentially(TestNG.java:1301) ~[testng-7.9.0.jar:7.9.0]
	at org.testng.TestNG.runSuitesLocally(TestNG.java:1228) ~[testng-7.9.0.jar:7.9.0]
	at org.testng.TestNG.runSuites(TestNG.java:1134) ~[testng-7.9.0.jar:7.9.0]
	at org.testng.TestNG.run(TestNG.java:1101) ~[testng-7.9.0.jar:7.9.0]
	at org.testng.remote.AbstractRemoteTestNG.run(AbstractRemoteTestNG.java:115) ~[testng-remote.jar:?]
	at org.testng.remote.RemoteTestNG.initAndRun(RemoteTestNG.java:251) ~[testng-remote.jar:?]
	at org.testng.remote.RemoteTestNG.main(RemoteTestNG.java:77) ~[testng-remote.jar:?]
2024-05-28-05:39:27 DEBUG java.nio.DirectByteBuffer.<init>(long, int): unavailable
2024-05-28-05:39:27 DEBUG sun.misc.Unsafe: available
2024-05-28-05:39:27 DEBUG maxDirectMemory: 4294967296 bytes (maybe)
2024-05-28-05:39:27 DEBUG -Dio.netty.tmpdir: /var/folders/_y/p9zg6bt54s9c8cx6xywljf080000gn/T (java.io.tmpdir)
2024-05-28-05:39:27 DEBUG -Dio.netty.bitMode: 64 (sun.arch.data.model)
2024-05-28-05:39:27 DEBUG Platform: MacOS
2024-05-28-05:39:27 DEBUG -Dio.netty.maxDirectMemory: -1 bytes
2024-05-28-05:39:27 DEBUG -Dio.netty.uninitializedArrayAllocationThreshold: -1
2024-05-28-05:39:27 DEBUG java.nio.ByteBuffer.cleaner(): available
2024-05-28-05:39:27 DEBUG -Dio.netty.noPreferDirect: false
2024-05-28-05:39:27 DEBUG org.jctools-core.MpscChunkedArrayQueue: available
2024-05-28-05:39:27 DEBUG -Dio.netty.threadLocalMap.stringBuilder.initialSize: 1024
2024-05-28-05:39:27 DEBUG -Dio.netty.threadLocalMap.stringBuilder.maxSize: 4096
2024-05-28-05:39:27 DEBUG Default protocols (JDK): [TLSv1.3, TLSv1.2] 
2024-05-28-05:39:27 DEBUG Default cipher suites (JDK): [TLS_ECDHE_ECDSA_WITH_AES_256_GCM_SHA384, TLS_ECDHE_ECDSA_WITH_AES_128_GCM_SHA256, TLS_ECDHE_RSA_WITH_AES_128_GCM_SHA256, TLS_ECDHE_RSA_WITH_AES_256_GCM_SHA384, TLS_ECDHE_RSA_WITH_AES_128_CBC_SHA, TLS_ECDHE_RSA_WITH_AES_256_CBC_SHA, TLS_RSA_WITH_AES_128_GCM_SHA256, TLS_RSA_WITH_AES_128_CBC_SHA, TLS_RSA_WITH_AES_256_CBC_SHA, TLS_AES_128_GCM_SHA256, TLS_AES_256_GCM_SHA384]
2024-05-28-05:39:27 DEBUG -Dio.netty.eventLoopThreads: 16
2024-05-28-05:39:27 DEBUG -Dio.netty.noKeySetOptimization: false
2024-05-28-05:39:27 DEBUG -Dio.netty.selectorAutoRebuildThreshold: 512
2024-05-28-05:39:27 TRACE instrumented a special java.util.Set into: sun.nio.ch.KQueueSelectorImpl@427ae189
2024-05-28-05:39:27 TRACE instrumented a special java.util.Set into: sun.nio.ch.KQueueSelectorImpl@5434e40c
2024-05-28-05:39:27 TRACE instrumented a special java.util.Set into: sun.nio.ch.KQueueSelectorImpl@3b48e183
2024-05-28-05:39:27 TRACE instrumented a special java.util.Set into: sun.nio.ch.KQueueSelectorImpl@514de325
2024-05-28-05:39:27 TRACE instrumented a special java.util.Set into: sun.nio.ch.KQueueSelectorImpl@30c1da48
2024-05-28-05:39:27 TRACE instrumented a special java.util.Set into: sun.nio.ch.KQueueSelectorImpl@43a65cd8
2024-05-28-05:39:27 TRACE instrumented a special java.util.Set into: sun.nio.ch.KQueueSelectorImpl@3f1ef9d6
2024-05-28-05:39:27 TRACE instrumented a special java.util.Set into: sun.nio.ch.KQueueSelectorImpl@17461db
2024-05-28-05:39:27 TRACE instrumented a special java.util.Set into: sun.nio.ch.KQueueSelectorImpl@3fd9e827
2024-05-28-05:39:27 TRACE instrumented a special java.util.Set into: sun.nio.ch.KQueueSelectorImpl@4e682398
2024-05-28-05:39:27 TRACE instrumented a special java.util.Set into: sun.nio.ch.KQueueSelectorImpl@670b3ca
2024-05-28-05:39:27 TRACE instrumented a special java.util.Set into: sun.nio.ch.KQueueSelectorImpl@24a86066
2024-05-28-05:39:27 TRACE instrumented a special java.util.Set into: sun.nio.ch.KQueueSelectorImpl@54402c04
2024-05-28-05:39:27 TRACE instrumented a special java.util.Set into: sun.nio.ch.KQueueSelectorImpl@5b3bb1f7
2024-05-28-05:39:27 TRACE instrumented a special java.util.Set into: sun.nio.ch.KQueueSelectorImpl@58d6b7b9
2024-05-28-05:39:27 TRACE instrumented a special java.util.Set into: sun.nio.ch.KQueueSelectorImpl@3f1a4795
2024-05-28-05:39:27 DEBUG -Dio.netty.allocator.numHeapArenas: 16
2024-05-28-05:39:27 DEBUG -Dio.netty.allocator.numDirectArenas: 16
2024-05-28-05:39:27 DEBUG -Dio.netty.allocator.pageSize: 8192
2024-05-28-05:39:27 DEBUG -Dio.netty.allocator.maxOrder: 9
2024-05-28-05:39:27 DEBUG -Dio.netty.allocator.chunkSize: 4194304
2024-05-28-05:39:27 DEBUG -Dio.netty.allocator.smallCacheSize: 256
2024-05-28-05:39:27 DEBUG -Dio.netty.allocator.normalCacheSize: 64
2024-05-28-05:39:27 DEBUG -Dio.netty.allocator.maxCachedBufferCapacity: 32768
2024-05-28-05:39:27 DEBUG -Dio.netty.allocator.cacheTrimInterval: 8192
2024-05-28-05:39:27 DEBUG -Dio.netty.allocator.cacheTrimIntervalMillis: 0
2024-05-28-05:39:27 DEBUG -Dio.netty.allocator.useCacheForAllThreads: false
2024-05-28-05:39:27 DEBUG -Dio.netty.allocator.maxCachedByteBuffersPerChunk: 1023
2024-05-28-05:39:27 DEBUG -Dio.netty.allocator.type: pooled
2024-05-28-05:39:27 DEBUG -Dio.netty.threadLocalDirectBufferSize: 0
2024-05-28-05:39:27 DEBUG -Dio.netty.maxThreadLocalCharBufferSize: 16384
2024-05-28-05:39:27 DEBUG -Dio.netty.processId: 30163 (auto-detected)
2024-05-28-05:39:27 DEBUG -Djava.net.preferIPv4Stack: false
2024-05-28-05:39:27 DEBUG -Djava.net.preferIPv6Addresses: false
2024-05-28-05:39:27 DEBUG Loopback interface: lo0 (lo0, 0:0:0:0:0:0:0:1%lo0)
2024-05-28-05:39:27 DEBUG Failed to get SOMAXCONN from sysctl and file /proc/sys/net/core/somaxconn. Default: 128
2024-05-28-05:39:27 DEBUG -Dio.netty.machineId: c8:89:f3:ff:fe:a9:24:37 (auto-detected)
2024-05-28-05:39:27 DEBUG -Dio.netty.buffer.checkAccessible: true
2024-05-28-05:39:27 DEBUG -Dio.netty.buffer.checkBounds: true
2024-05-28-05:39:27 DEBUG Loaded default ResourceLeakDetector: io.netty.util.ResourceLeakDetector@d52ea7d
2024-05-28-05:39:27 DEBUG -Dio.netty.recycler.maxCapacityPerThread: 4096
2024-05-28-05:39:27 DEBUG -Dio.netty.recycler.ratio: 8
2024-05-28-05:39:27 DEBUG -Dio.netty.recycler.chunkSize: 32
2024-05-28-05:39:27 DEBUG -Dio.netty.recycler.blocking: false
2024-05-28-05:39:27 DEBUG brotli4j not in the classpath; Brotli support will be unavailable.
2024-05-28-05:39:27 DEBUG -Dio.netty.initialSeedUniquifier: 0xcc3c09aaca5425f9
2024-05-28-05:39:28 INFO  Username is entered successfully
2024-05-28-05:39:28 INFO  Password is entered successfully
2024-05-28-05:39:42 INFO  Proxy element for: DefaultElementLocator 'By.id: Login' is clicked
2024-05-28-05:39:42 DEBUG Selecting an option Tab in HomePAge: null
