<?xml version="1.0" encoding="UTF-8"?>
<testng-results ignored="0" total="1" passed="0" failed="1" skipped="0">
  <reporter-output>
  </reporter-output>
  <suite started-at="2024-06-07T23:09:39 CDT" name="Default suite" finished-at="2024-06-07T23:10:14 CDT" duration-ms="34752">
    <groups>
    </groups>
    <test started-at="2024-06-07T23:09:39 CDT" name="Default test" finished-at="2024-06-07T23:10:14 CDT" duration-ms="34752">
      <class name="tests.UsermenuTest">
        <test-method is-config="true" signature="doConfiguration()[pri:0, instance:tests.UsermenuTest@2d36e77e]" started-at="2024-06-07T23:09:39 CDT" name="doConfiguration" finished-at="2024-06-07T23:09:39 CDT" duration-ms="78" status="PASS">
          <reporter-output>
          </reporter-output>
        </test-method> <!-- doConfiguration -->
        <test-method is-config="true" signature="preConditions(java.lang.reflect.Method)[pri:0, instance:tests.UsermenuTest@2d36e77e]" started-at="2024-06-07T23:09:39 CDT" name="preConditions" finished-at="2024-06-07T23:09:42 CDT" duration-ms="2627" status="PASS">
          <params>
            <param index="0">
              <value>
                <![CDATA[public void tests.UsermenuTest.TC07_MySettings() throws java.io.IOException,java.lang.InterruptedException]]>
              </value>
            </param>
          </params>
          <reporter-output>
          </reporter-output>
        </test-method> <!-- preConditions -->
        <test-method signature="TC07_MySettings()[pri:0, instance:tests.UsermenuTest@2d36e77e]" started-at="2024-06-07T23:09:42 CDT" name="TC07_MySettings" finished-at="2024-06-07T23:10:14 CDT" duration-ms="31566" status="FAIL">
          <exception class="org.openqa.selenium.NoSuchElementException">
            <message>
              <![CDATA[Cannot locate option with text: Reports
For documentation on this error, please visit: https://selenium.dev/exceptions/#no_such_element
Build info: version: '4.8.1', revision: '8ebccac989'
System info: os.name: 'Mac OS X', os.arch: 'aarch64', os.version: '14.4.1', java.version: '21.0.3'
Driver info: driver.version: unknown]]>
            </message>
            <full-stacktrace>
              <![CDATA[org.openqa.selenium.NoSuchElementException: Cannot locate option with text: Reports
For documentation on this error, please visit: https://selenium.dev/exceptions/#no_such_element
Build info: version: '4.8.1', revision: '8ebccac989'
System info: os.name: 'Mac OS X', os.arch: 'aarch64', os.version: '14.4.1', java.version: '21.0.3'
Driver info: driver.version: unknown
at org.openqa.selenium.support.ui.Select.selectByVisibleText(Select.java:153)
at pages.UsermenuPage.verifyDisplayLayout(UsermenuPage.java:314)
at tests.UsermenuTest.TC07_MySettings(UsermenuTest.java:102)
at java.base/jdk.internal.reflect.DirectMethodHandleAccessor.invoke(DirectMethodHandleAccessor.java:103)
at java.base/java.lang.reflect.Method.invoke(Method.java:580)
at org.testng.internal.invokers.MethodInvocationHelper.invokeMethod(MethodInvocationHelper.java:139)
at org.testng.internal.invokers.TestInvoker.invokeMethod(TestInvoker.java:664)
at org.testng.internal.invokers.TestInvoker.invokeTestMethod(TestInvoker.java:228)
at org.testng.internal.invokers.MethodRunner.runInSequence(MethodRunner.java:63)
at org.testng.internal.invokers.TestInvoker$MethodInvocationAgent.invoke(TestInvoker.java:961)
at org.testng.internal.invokers.TestInvoker.invokeTestMethods(TestInvoker.java:201)
at org.testng.internal.invokers.TestMethodWorker.invokeTestMethods(TestMethodWorker.java:148)
at org.testng.internal.invokers.TestMethodWorker.run(TestMethodWorker.java:128)
at java.base/java.util.ArrayList.forEach(ArrayList.java:1596)
at org.testng.TestRunner.privateRun(TestRunner.java:819)
at org.testng.TestRunner.run(TestRunner.java:619)
at org.testng.SuiteRunner.runTest(SuiteRunner.java:443)
at org.testng.SuiteRunner.runSequentially(SuiteRunner.java:437)
at org.testng.SuiteRunner.privateRun(SuiteRunner.java:397)
at org.testng.SuiteRunner.run(SuiteRunner.java:336)
at org.testng.SuiteRunnerWorker.runSuite(SuiteRunnerWorker.java:52)
at org.testng.SuiteRunnerWorker.run(SuiteRunnerWorker.java:95)
at org.testng.TestNG.runSuitesSequentially(TestNG.java:1301)
at org.testng.TestNG.runSuitesLocally(TestNG.java:1228)
at org.testng.TestNG.runSuites(TestNG.java:1134)
at org.testng.TestNG.run(TestNG.java:1101)
at org.testng.remote.AbstractRemoteTestNG.run(AbstractRemoteTestNG.java:115)
at org.testng.remote.RemoteTestNG.initAndRun(RemoteTestNG.java:251)
at org.testng.remote.RemoteTestNG.main(RemoteTestNG.java:77)
]]>
            </full-stacktrace>
          </exception> <!-- org.openqa.selenium.NoSuchElementException -->
          <reporter-output>
          </reporter-output>
        </test-method> <!-- TC07_MySettings -->
        <test-method is-config="true" signature="postConditions()[pri:0, instance:tests.UsermenuTest@2d36e77e]" started-at="2024-06-07T23:10:14 CDT" name="postConditions" finished-at="2024-06-07T23:10:14 CDT" duration-ms="123" status="PASS">
          <reporter-output>
          </reporter-output>
        </test-method> <!-- postConditions -->
        <test-method is-config="true" signature="afterTest()[pri:0, instance:tests.UsermenuTest@2d36e77e]" started-at="2024-06-07T23:10:14 CDT" name="afterTest" finished-at="2024-06-07T23:10:14 CDT" duration-ms="57" status="PASS">
          <reporter-output>
          </reporter-output>
        </test-method> <!-- afterTest -->
        <test-method is-config="true" signature="tearDownConfig()[pri:0, instance:tests.UsermenuTest@2d36e77e]" started-at="2024-06-07T23:10:14 CDT" name="tearDownConfig" finished-at="2024-06-07T23:10:14 CDT" duration-ms="178" status="PASS">
          <reporter-output>
          </reporter-output>
        </test-method> <!-- tearDownConfig -->
      </class> <!-- tests.UsermenuTest -->
    </test> <!-- Default test -->
  </suite> <!-- Default suite -->
</testng-results>
